Release 14.5 - xst P.58f (nt64)
Copyright (c) 1995-2012 Xilinx, Inc.  All rights reserved.
--> Parameter TMPDIR set to xst/projnav.tmp


Total REAL time to Xst completion: 0.00 secs
Total CPU time to Xst completion: 0.35 secs
 
--> Parameter xsthdpdir set to xst


Total REAL time to Xst completion: 0.00 secs
Total CPU time to Xst completion: 0.36 secs
 
--> Reading design: prog.prj

TABLE OF CONTENTS
  1) Synthesis Options Summary
  2) HDL Compilation
  3) Design Hierarchy Analysis
  4) HDL Analysis
  5) HDL Synthesis
     5.1) HDL Synthesis Report
  6) Advanced HDL Synthesis
     6.1) Advanced HDL Synthesis Report
  7) Low Level Synthesis
  8) Partition Report
  9) Final Report
	9.1) Device utilization summary
	9.2) Partition Resource Summary
	9.3) TIMING REPORT


=========================================================================
*                      Synthesis Options Summary                        *
=========================================================================
---- Source Parameters
Input File Name                    : "prog.prj"
Input Format                       : mixed
Ignore Synthesis Constraint File   : NO

---- Target Parameters
Output File Name                   : "prog"
Output Format                      : NGC
Target Device                      : xc3s200-4-ft256

---- Source Options
Top Module Name                    : prog
Automatic FSM Extraction           : YES
FSM Encoding Algorithm             : Auto
Safe Implementation                : No
FSM Style                          : LUT
RAM Extraction                     : Yes
RAM Style                          : Auto
ROM Extraction                     : Yes
Mux Style                          : Auto
Decoder Extraction                 : YES
Priority Encoder Extraction        : Yes
Shift Register Extraction          : YES
Logical Shifter Extraction         : YES
XOR Collapsing                     : YES
ROM Style                          : Auto
Mux Extraction                     : Yes
Resource Sharing                   : YES
Asynchronous To Synchronous        : NO
Multiplier Style                   : Auto
Automatic Register Balancing       : No

---- Target Options
Add IO Buffers                     : YES
Global Maximum Fanout              : 500
Add Generic Clock Buffer(BUFG)     : 8
Register Duplication               : YES
Slice Packing                      : YES
Optimize Instantiated Primitives   : NO
Use Clock Enable                   : Yes
Use Synchronous Set                : Yes
Use Synchronous Reset              : Yes
Pack IO Registers into IOBs        : Auto
Equivalent register Removal        : YES

---- General Options
Optimization Goal                  : Speed
Optimization Effort                : 1
Keep Hierarchy                     : No
Netlist Hierarchy                  : As_Optimized
RTL Output                         : Yes
Global Optimization                : AllClockNets
Read Cores                         : YES
Write Timing Constraints           : NO
Cross Clock Analysis               : NO
Hierarchy Separator                : /
Bus Delimiter                      : <>
Case Specifier                     : Maintain
Slice Utilization Ratio            : 100
BRAM Utilization Ratio             : 100
Verilog 2001                       : YES
Auto BRAM Packing                  : NO
Slice Utilization Ratio Delta      : 5

=========================================================================


=========================================================================
*                          HDL Compilation                              *
=========================================================================
Compiling vhdl file "D:/Kuliah/SMT 2/RL 2/Project_FSM/fsm.vhd" in Library work.
Entity <prog> compiled.
Entity <prog> (Architecture <fsm>) compiled.

=========================================================================
*                     Design Hierarchy Analysis                         *
=========================================================================
Analyzing hierarchy for entity <prog> in library <work> (architecture <fsm>).
WARNING:Xst:784 - Ignoring incompletely specified enum_encoding property for signal <pr_state>.
WARNING:Xst:784 - Ignoring incompletely specified enum_encoding property for signal <nx_state>.


=========================================================================
*                            HDL Analysis                               *
=========================================================================
Analyzing Entity <prog> in library <work> (Architecture <fsm>).
WARNING:Xst:784 - Ignoring incompletely specified enum_encoding property for signal <pr_state>.
WARNING:Xst:784 - Ignoring incompletely specified enum_encoding property for signal <nx_state>.
Entity <prog> analyzed. Unit <prog> generated.


=========================================================================
*                           HDL Synthesis                               *
=========================================================================

Performing bidirectional port resolution...

Synthesizing Unit <prog>.
    Related source file is "D:/Kuliah/SMT 2/RL 2/Project_FSM/fsm.vhd".
    Found finite state machine <FSM_0> for signal <pr_state>.
    -----------------------------------------------------------------------
    | States             | 3                                              |
    | Transitions        | 10                                             |
    | Inputs             | 3                                              |
    | Outputs            | 1                                              |
    | Clock              | clk                       (rising_edge)        |
    | Reset              | rst                       (positive)           |
    | Reset type         | asynchronous                                   |
    | Reset State        | disarmed                                       |
    | Power Up State     | disarmed                                       |
    | Encoding           | automatic                                      |
    | Implementation     | LUT                                            |
    -----------------------------------------------------------------------
    Found 1-bit register for signal <flag>.
    Summary:
	inferred   1 Finite State Machine(s).
	inferred   1 D-type flip-flop(s).
Unit <prog> synthesized.


=========================================================================
HDL Synthesis Report

Macro Statistics
# Registers                                            : 1
 1-bit register                                        : 1

=========================================================================

=========================================================================
*                       Advanced HDL Synthesis                          *
=========================================================================

Analyzing FSM <FSM_0> for best encoding.
Optimizing FSM <pr_state/FSM> on signal <pr_state[1:2]> with user encoding.
-----------------------
 State     | Encoding
-----------------------
 disarmed  | 00
 armed     | 01
 intrusion | 10
-----------------------

=========================================================================
Advanced HDL Synthesis Report

Macro Statistics
# FSMs                                                 : 1
# Registers                                            : 1
 Flip-Flops                                            : 1

=========================================================================

=========================================================================
*                         Low Level Synthesis                           *
=========================================================================

Optimizing unit <prog> ...

Mapping all equations...
Building and optimizing final netlist ...
Found area constraint ratio of 100 (+ 5) on block prog, actual ratio is 0.

Final Macro Processing ...

=========================================================================
Final Register Report

Macro Statistics
# Registers                                            : 3
 Flip-Flops                                            : 3

=========================================================================

=========================================================================
*                           Partition Report                            *
=========================================================================

Partition Implementation Status
-------------------------------

  No Partitions were found in this design.

-------------------------------

=========================================================================
*                            Final Report                               *
=========================================================================
Final Results
RTL Top Level Output File Name     : prog.ngr
Top Level Output File Name         : prog
Output Format                      : NGC
Optimization Goal                  : Speed
Keep Hierarchy                     : No

Design Statistics
# IOs                              : 5

Cell Usage :
# BELS                             : 6
#      INV                         : 1
#      LUT2                        : 2
#      LUT3                        : 1
#      LUT4                        : 2
# FlipFlops/Latches                : 3
#      FDC                         : 2
#      FDC_1                       : 1
# Clock Buffers                    : 2
#      BUFG                        : 1
#      BUFGP                       : 1
# IO Buffers                       : 4
#      IBUF                        : 3
#      OBUF                        : 1
=========================================================================

Device utilization summary:
---------------------------

Selected Device : 3s200ft256-4 

 Number of Slices:                        3  out of   1920     0%  
 Number of Slice Flip Flops:              3  out of   3840     0%  
 Number of 4 input LUTs:                  6  out of   3840     0%  
 Number of IOs:                           5
 Number of bonded IOBs:                   5  out of    173     2%  
 Number of GCLKs:                         2  out of      8    25%  

---------------------------
Partition Resource Summary:
---------------------------

  No Partitions were found in this design.

---------------------------


=========================================================================
TIMING REPORT

NOTE: THESE TIMING NUMBERS ARE ONLY A SYNTHESIS ESTIMATE.
      FOR ACCURATE TIMING INFORMATION PLEASE REFER TO THE TRACE REPORT
      GENERATED AFTER PLACE-and-ROUTE.

Clock Information:
------------------
-----------------------------------+------------------------+-------+
Clock Signal                       | Clock buffer(FF name)  | Load  |
-----------------------------------+------------------------+-------+
remote                             | IBUF+BUFG              | 1     |
clk                                | BUFGP                  | 2     |
-----------------------------------+------------------------+-------+

Asynchronous Control Signals Information:
----------------------------------------
-----------------------------------+------------------------+-------+
Control Signal                     | Buffer(FF name)        | Load  |
-----------------------------------+------------------------+-------+
rst                                | IBUF                   | 3     |
-----------------------------------+------------------------+-------+

Timing Summary:
---------------
Speed Grade: -4

   Minimum period: 3.192ns (Maximum Frequency: 313.283MHz)
   Minimum input arrival time before clock: 4.522ns
   Maximum output required time after clock: 7.271ns
   Maximum combinational path delay: No path found

Timing Detail:
--------------
All values displayed in nanoseconds (ns)

=========================================================================
Timing constraint: Default period analysis for Clock 'remote'
  Clock period: 3.192ns (frequency: 313.283MHz)
  Total number of paths / destination ports: 1 / 1
-------------------------------------------------------------------------
Delay:               3.192ns (Levels of Logic = 1)
  Source:            flag (FF)
  Destination:       flag (FF)
  Source Clock:      remote falling
  Destination Clock: remote falling

  Data Path: flag to flag
                                Gate     Net
    Cell:in->out      fanout   Delay   Delay  Logical Name (Net Name)
    ----------------------------------------  ------------
     FDC_1:C->Q            4   0.720   0.917  flag (flag)
     INV:I->O              1   0.551   0.801  flag_not00011_INV_0 (flag_not0001)
     FDC_1:D                   0.203          flag
    ----------------------------------------
    Total                      3.192ns (1.474ns logic, 1.718ns route)
                                       (46.2% logic, 53.8% route)

=========================================================================
Timing constraint: Default period analysis for Clock 'clk'
  Clock period: 2.419ns (frequency: 413.394MHz)
  Total number of paths / destination ports: 4 / 2
-------------------------------------------------------------------------
Delay:               2.419ns (Levels of Logic = 1)
  Source:            pr_state_FSM_FFd2 (FF)
  Destination:       pr_state_FSM_FFd1 (FF)
  Source Clock:      clk rising
  Destination Clock: clk rising

  Data Path: pr_state_FSM_FFd2 to pr_state_FSM_FFd1
                                Gate     Net
    Cell:in->out      fanout   Delay   Delay  Logical Name (Net Name)
    ----------------------------------------  ------------
     FDC:C->Q              2   0.720   0.945  pr_state_FSM_FFd2 (pr_state_FSM_FFd2)
     LUT4:I2->O            1   0.551   0.000  pr_state_FSM_FFd1-In (pr_state_FSM_FFd1-In)
     FDC:D                     0.203          pr_state_FSM_FFd1
    ----------------------------------------
    Total                      2.419ns (1.474ns logic, 0.945ns route)
                                       (60.9% logic, 39.1% route)

=========================================================================
Timing constraint: Default OFFSET IN BEFORE for Clock 'clk'
  Total number of paths / destination ports: 5 / 2
-------------------------------------------------------------------------
Offset:              4.522ns (Levels of Logic = 3)
  Source:            remote (PAD)
  Destination:       pr_state_FSM_FFd2 (FF)
  Destination Clock: clk rising

  Data Path: remote to pr_state_FSM_FFd2
                                Gate     Net
    Cell:in->out      fanout   Delay   Delay  Logical Name (Net Name)
    ----------------------------------------  ------------
     IBUF:I->O             4   0.821   1.256  remote_IBUF (remote_IBUF1)
     LUT2:I0->O            1   0.551   1.140  pr_state_FSM_FFd2-In_SW0 (N3)
     LUT4:I0->O            1   0.551   0.000  pr_state_FSM_FFd2-In (pr_state_FSM_FFd2-In)
     FDC:D                     0.203          pr_state_FSM_FFd2
    ----------------------------------------
    Total                      4.522ns (2.126ns logic, 2.396ns route)
                                       (47.0% logic, 53.0% route)

=========================================================================
Timing constraint: Default OFFSET OUT AFTER for Clock 'clk'
  Total number of paths / destination ports: 1 / 1
-------------------------------------------------------------------------
Offset:              7.271ns (Levels of Logic = 1)
  Source:            pr_state_FSM_FFd1 (FF)
  Destination:       siren (PAD)
  Source Clock:      clk rising

  Data Path: pr_state_FSM_FFd1 to siren
                                Gate     Net
    Cell:in->out      fanout   Delay   Delay  Logical Name (Net Name)
    ----------------------------------------  ------------
     FDC:C->Q              3   0.720   0.907  pr_state_FSM_FFd1 (pr_state_FSM_FFd1)
     OBUF:I->O                 5.644          siren_OBUF (siren)
    ----------------------------------------
    Total                      7.271ns (6.364ns logic, 0.907ns route)
                                       (87.5% logic, 12.5% route)

=========================================================================


Total REAL time to Xst completion: 12.00 secs
Total CPU time to Xst completion: 11.48 secs
 
--> 

Total memory usage is 4479784 kilobytes

Number of errors   :    0 (   0 filtered)
Number of warnings :    4 (   0 filtered)
Number of infos    :    0 (   0 filtered)

