--------------------------------------------------------------------------------
Release 14.5 Trace  (nt64)
Copyright (c) 1995-2012 Xilinx, Inc.  All rights reserved.

C:\Xilinx\14.5\ISE_DS\ISE\bin\nt64\unwrapped\trce.exe -intstyle ise -v 3 -s 4
-n 3 -fastpaths -xml projecttop.twx projecttop.ncd -o projecttop.twr
projecttop.pcf -ucf pins.ucf

Design file:              projecttop.ncd
Physical constraint file: projecttop.pcf
Device,package,speed:     xc3s200,ft256,-4 (PRODUCTION 1.39 2013-03-26)
Report level:             verbose report

Environment Variable      Effect 
--------------------      ------ 
NONE                      No environment variables were set
--------------------------------------------------------------------------------

INFO:Timing:2698 - No timing constraints found, doing default enumeration.
INFO:Timing:3412 - To improve timing, see the Timing Closure User Guide (UG612).
INFO:Timing:2752 - To get complete path coverage, use the unconstrained paths 
   option. All paths that are not constrained will be reported in the 
   unconstrained paths section(s) of the report.
INFO:Timing:3339 - The clock-to-out numbers in this timing report are based on 
   a 50 Ohm transmission line loading model.  For the details of this model, 
   and for more information on accounting for different loading conditions, 
   please see the device datasheet.
INFO:Timing:3390 - This architecture does not support a default System Jitter 
   value, please add SYSTEM_JITTER constraint to the UCF to modify the Clock 
   Uncertainty calculation.
INFO:Timing:3389 - This architecture does not support 'Discrete Jitter' and 
   'Phase Error' calculations, these terms will be zero in the Clock 
   Uncertainty calculation.  Please make appropriate modification to 
   SYSTEM_JITTER to account for the unsupported Discrete Jitter and Phase 
   Error.



Data Sheet report:
-----------------
All values displayed in nanoseconds (ns)

Clock clk to Pad
------------+------------+------------------+--------+
            | clk (edge) |                  | Clock  |
Destination |   to PAD   |Internal Clock(s) | Phase  |
------------+------------+------------------+--------+
a_to_g<0>   |   13.806(R)|clk_BUFGP         |   0.000|
a_to_g<1>   |   13.141(R)|clk_BUFGP         |   0.000|
a_to_g<2>   |   13.498(R)|clk_BUFGP         |   0.000|
a_to_g<3>   |   14.222(R)|clk_BUFGP         |   0.000|
a_to_g<4>   |   13.327(R)|clk_BUFGP         |   0.000|
a_to_g<5>   |   12.719(R)|clk_BUFGP         |   0.000|
a_to_g<6>   |   13.178(R)|clk_BUFGP         |   0.000|
an<0>       |   11.999(R)|clk_BUFGP         |   0.000|
an<1>       |   10.376(R)|clk_BUFGP         |   0.000|
an<2>       |   10.933(R)|clk_BUFGP         |   0.000|
an<3>       |   11.577(R)|clk_BUFGP         |   0.000|
------------+------------+------------------+--------+

Clock to Setup on destination clock clk
---------------+---------+---------+---------+---------+
               | Src:Rise| Src:Fall| Src:Rise| Src:Fall|
Source Clock   |Dest:Rise|Dest:Rise|Dest:Fall|Dest:Fall|
---------------+---------+---------+---------+---------+
clk            |    4.351|         |         |         |
---------------+---------+---------+---------+---------+

Pad to Pad
---------------+---------------+---------+
Source Pad     |Destination Pad|  Delay  |
---------------+---------------+---------+
sw<0>          |a_to_g<0>      |   12.932|
sw<0>          |a_to_g<1>      |   12.599|
sw<0>          |a_to_g<2>      |   12.828|
sw<0>          |a_to_g<3>      |   13.203|
sw<0>          |a_to_g<4>      |   12.930|
sw<0>          |a_to_g<5>      |   12.262|
sw<0>          |a_to_g<6>      |   12.636|
sw<1>          |a_to_g<0>      |   12.579|
sw<1>          |a_to_g<1>      |   12.054|
sw<1>          |a_to_g<2>      |   12.271|
sw<1>          |a_to_g<3>      |   12.995|
sw<1>          |a_to_g<4>      |   12.306|
sw<1>          |a_to_g<5>      |   11.638|
sw<1>          |a_to_g<6>      |   12.091|
sw<2>          |a_to_g<0>      |   11.841|
sw<2>          |a_to_g<1>      |   11.541|
sw<2>          |a_to_g<2>      |   11.538|
sw<2>          |a_to_g<3>      |   12.257|
sw<2>          |a_to_g<4>      |   11.640|
sw<2>          |a_to_g<5>      |   11.119|
sw<2>          |a_to_g<6>      |   11.578|
sw<3>          |a_to_g<0>      |   12.031|
sw<3>          |a_to_g<1>      |   11.270|
sw<3>          |a_to_g<2>      |   11.723|
sw<3>          |a_to_g<3>      |   12.447|
sw<3>          |a_to_g<4>      |   11.483|
sw<3>          |a_to_g<5>      |   10.883|
sw<3>          |a_to_g<6>      |   11.307|
---------------+---------------+---------+


Analysis completed Fri May 20 12:26:22 2022 
--------------------------------------------------------------------------------

Trace Settings:
-------------------------
Trace Settings 

Peak Memory Usage: 4474 MB



