--------------------------------------------------------------------------------
Release 14.5 Trace  (nt64)
Copyright (c) 1995-2012 Xilinx, Inc.  All rights reserved.

C:\Xilinx\14.5\ISE_DS\ISE\bin\nt64\unwrapped\trce.exe -intstyle ise -v 3 -s 4
-n 3 -fastpaths -xml x7segb_top.twx x7segb_top.ncd -o x7segb_top.twr
x7segb_top.pcf

Design file:              x7segb_top.ncd
Physical constraint file: x7segb_top.pcf
Device,package,speed:     xc3s200,ft256,-4 (PRODUCTION 1.39 2013-03-26)
Report level:             verbose report

Environment Variable      Effect 
--------------------      ------ 
NONE                      No environment variables were set
--------------------------------------------------------------------------------

INFO:Timing:2698 - No timing constraints found, doing default enumeration.
INFO:Timing:3412 - To improve timing, see the Timing Closure User Guide (UG612).
INFO:Timing:2752 - To get complete path coverage, use the unconstrained paths 
   option. All paths that are not constrained will be reported in the 
   unconstrained paths section(s) of the report.
INFO:Timing:3339 - The clock-to-out numbers in this timing report are based on 
   a 50 Ohm transmission line loading model.  For the details of this model, 
   and for more information on accounting for different loading conditions, 
   please see the device datasheet.
INFO:Timing:3390 - This architecture does not support a default System Jitter 
   value, please add SYSTEM_JITTER constraint to the UCF to modify the Clock 
   Uncertainty calculation.
INFO:Timing:3389 - This architecture does not support 'Discrete Jitter' and 
   'Phase Error' calculations, these terms will be zero in the Clock 
   Uncertainty calculation.  Please make appropriate modification to 
   SYSTEM_JITTER to account for the unsupported Discrete Jitter and Phase 
   Error.



Data Sheet report:
-----------------
All values displayed in nanoseconds (ns)

Clock clk to Pad
------------+------------+------------------+--------+
            | clk (edge) |                  | Clock  |
Destination |   to PAD   |Internal Clock(s) | Phase  |
------------+------------+------------------+--------+
a_to_g<0>   |   13.875(R)|clk_BUFGP         |   0.000|
a_to_g<1>   |   13.671(R)|clk_BUFGP         |   0.000|
a_to_g<2>   |   13.376(R)|clk_BUFGP         |   0.000|
a_to_g<3>   |   13.012(R)|clk_BUFGP         |   0.000|
a_to_g<4>   |   12.443(R)|clk_BUFGP         |   0.000|
a_to_g<5>   |   12.736(R)|clk_BUFGP         |   0.000|
a_to_g<6>   |   12.865(R)|clk_BUFGP         |   0.000|
an<0>       |   10.967(R)|clk_BUFGP         |   0.000|
an<1>       |   11.620(R)|clk_BUFGP         |   0.000|
an<2>       |   11.480(R)|clk_BUFGP         |   0.000|
an<3>       |   11.118(R)|clk_BUFGP         |   0.000|
------------+------------+------------------+--------+

Clock to Setup on destination clock clk
---------------+---------+---------+---------+---------+
               | Src:Rise| Src:Fall| Src:Rise| Src:Fall|
Source Clock   |Dest:Rise|Dest:Rise|Dest:Fall|Dest:Fall|
---------------+---------+---------+---------+---------+
clk            |    4.352|         |         |         |
---------------+---------+---------+---------+---------+

Pad to Pad
---------------+---------------+---------+
Source Pad     |Destination Pad|  Delay  |
---------------+---------------+---------+
sw<0>          |a_to_g<0>      |   11.517|
sw<0>          |a_to_g<1>      |   11.313|
sw<0>          |a_to_g<2>      |   11.018|
sw<0>          |a_to_g<3>      |   10.654|
sw<0>          |a_to_g<4>      |   10.085|
sw<0>          |a_to_g<5>      |   10.378|
sw<0>          |a_to_g<6>      |   10.507|
sw<0>          |an<1>          |    9.842|
sw<0>          |an<2>          |    9.149|
sw<1>          |a_to_g<0>      |   11.161|
sw<1>          |a_to_g<1>      |   10.957|
sw<1>          |a_to_g<2>      |   10.662|
sw<1>          |a_to_g<3>      |   10.298|
sw<1>          |a_to_g<4>      |    9.729|
sw<1>          |a_to_g<5>      |   10.022|
sw<1>          |a_to_g<6>      |   10.151|
sw<1>          |an<1>          |    9.464|
sw<1>          |an<2>          |    8.842|
sw<1>          |an<3>          |    8.832|
sw<2>          |a_to_g<0>      |   11.301|
sw<2>          |a_to_g<1>      |   11.097|
sw<2>          |a_to_g<2>      |   10.802|
sw<2>          |a_to_g<3>      |   10.438|
sw<2>          |a_to_g<4>      |   10.048|
sw<2>          |a_to_g<5>      |   10.162|
sw<2>          |a_to_g<6>      |   10.291|
sw<2>          |an<1>          |    9.626|
sw<2>          |an<2>          |    8.560|
sw<2>          |an<3>          |    8.550|
sw<3>          |a_to_g<0>      |   11.099|
sw<3>          |a_to_g<1>      |   10.895|
sw<3>          |a_to_g<2>      |   10.600|
sw<3>          |a_to_g<3>      |   10.236|
sw<3>          |a_to_g<4>      |    9.667|
sw<3>          |a_to_g<5>      |    9.960|
sw<3>          |a_to_g<6>      |   10.089|
sw<3>          |an<1>          |    9.327|
sw<3>          |an<2>          |    8.780|
sw<3>          |an<3>          |    8.770|
---------------+---------------+---------+


Analysis completed Fri May 20 11:08:51 2022 
--------------------------------------------------------------------------------

Trace Settings:
-------------------------
Trace Settings 

Peak Memory Usage: 4475 MB



