Release 14.5 - xst P.58f (nt64)
Copyright (c) 1995-2012 Xilinx, Inc.  All rights reserved.
--> Parameter TMPDIR set to xst/projnav.tmp


Total REAL time to Xst completion: 0.00 secs
Total CPU time to Xst completion: 0.25 secs
 
--> Parameter xsthdpdir set to xst


Total REAL time to Xst completion: 0.00 secs
Total CPU time to Xst completion: 0.25 secs
 
--> Reading design: divider.prj

TABLE OF CONTENTS
  1) Synthesis Options Summary
  2) HDL Compilation
  3) Design Hierarchy Analysis
  4) HDL Analysis
  5) HDL Synthesis
     5.1) HDL Synthesis Report
  6) Advanced HDL Synthesis
     6.1) Advanced HDL Synthesis Report
  7) Low Level Synthesis
  8) Partition Report
  9) Final Report
	9.1) Device utilization summary
	9.2) Partition Resource Summary
	9.3) TIMING REPORT


=========================================================================
*                      Synthesis Options Summary                        *
=========================================================================
---- Source Parameters
Input File Name                    : "divider.prj"
Input Format                       : mixed
Ignore Synthesis Constraint File   : NO

---- Target Parameters
Output File Name                   : "divider"
Output Format                      : NGC
Target Device                      : xc3s200-4-ft256

---- Source Options
Top Module Name                    : divider
Automatic FSM Extraction           : YES
FSM Encoding Algorithm             : Auto
Safe Implementation                : No
FSM Style                          : LUT
RAM Extraction                     : Yes
RAM Style                          : Auto
ROM Extraction                     : Yes
Mux Style                          : Auto
Decoder Extraction                 : YES
Priority Encoder Extraction        : Yes
Shift Register Extraction          : YES
Logical Shifter Extraction         : YES
XOR Collapsing                     : YES
ROM Style                          : Auto
Mux Extraction                     : Yes
Resource Sharing                   : YES
Asynchronous To Synchronous        : NO
Multiplier Style                   : Auto
Automatic Register Balancing       : No

---- Target Options
Add IO Buffers                     : YES
Global Maximum Fanout              : 500
Add Generic Clock Buffer(BUFG)     : 8
Register Duplication               : YES
Slice Packing                      : YES
Optimize Instantiated Primitives   : NO
Use Clock Enable                   : Yes
Use Synchronous Set                : Yes
Use Synchronous Reset              : Yes
Pack IO Registers into IOBs        : Auto
Equivalent register Removal        : YES

---- General Options
Optimization Goal                  : Speed
Optimization Effort                : 1
Keep Hierarchy                     : No
Netlist Hierarchy                  : As_Optimized
RTL Output                         : Yes
Global Optimization                : AllClockNets
Read Cores                         : YES
Write Timing Constraints           : NO
Cross Clock Analysis               : NO
Hierarchy Separator                : /
Bus Delimiter                      : <>
Case Specifier                     : Maintain
Slice Utilization Ratio            : 100
BRAM Utilization Ratio             : 100
Verilog 2001                       : YES
Auto BRAM Packing                  : NO
Slice Utilization Ratio Delta      : 5

=========================================================================


=========================================================================
*                          HDL Compilation                              *
=========================================================================
Compiling vhdl file "D:/Kuliah/SMT 2/RL 2/percobaan5/project/divider/divider.vhd" in Library work.
Entity <divider> compiled.
Entity <divider> (Architecture <behavioral>) compiled.

=========================================================================
*                     Design Hierarchy Analysis                         *
=========================================================================
Analyzing hierarchy for entity <divider> in library <work> (architecture <behavioral>).


=========================================================================
*                            HDL Analysis                               *
=========================================================================
Analyzing Entity <divider> in library <work> (Architecture <behavioral>).
Entity <divider> analyzed. Unit <divider> generated.


=========================================================================
*                           HDL Synthesis                               *
=========================================================================

Performing bidirectional port resolution...

Synthesizing Unit <divider>.
    Related source file is "D:/Kuliah/SMT 2/RL 2/percobaan5/project/divider/divider.vhd".
    Found 5-bit subtractor for signal <n1$addsub0000> created at line 24.
    Found 5-bit subtractor for signal <n1$addsub0001> created at line 24.
    Found 5-bit subtractor for signal <n1$addsub0002> created at line 24.
    Found 5-bit subtractor for signal <n1$addsub0003> created at line 24.
    Found 5-bit comparator greatequal for signal <n1$cmp_ge0000> created at line 24.
    Found 5-bit comparator greatequal for signal <n1$cmp_ge0001> created at line 24.
    Found 5-bit comparator greatequal for signal <n1$cmp_ge0002> created at line 24.
    Found 5-bit comparator greatequal for signal <n1$cmp_ge0003> created at line 24.
    Summary:
	inferred   4 Adder/Subtractor(s).
	inferred   4 Comparator(s).
Unit <divider> synthesized.


=========================================================================
HDL Synthesis Report

Macro Statistics
# Adders/Subtractors                                   : 4
 5-bit subtractor                                      : 4
# Comparators                                          : 4
 5-bit comparator greatequal                           : 4

=========================================================================

=========================================================================
*                       Advanced HDL Synthesis                          *
=========================================================================


=========================================================================
Advanced HDL Synthesis Report

Macro Statistics
# Adders/Subtractors                                   : 4
 4-bit subtractor                                      : 4
# Comparators                                          : 4
 5-bit comparator greatequal                           : 4

=========================================================================

=========================================================================
*                         Low Level Synthesis                           *
=========================================================================

Optimizing unit <divider> ...

Mapping all equations...
Building and optimizing final netlist ...
Found area constraint ratio of 100 (+ 5) on block divider, actual ratio is 1.

Final Macro Processing ...

=========================================================================
Final Register Report

Found no macro
=========================================================================

=========================================================================
*                           Partition Report                            *
=========================================================================

Partition Implementation Status
-------------------------------

  No Partitions were found in this design.

-------------------------------

=========================================================================
*                            Final Report                               *
=========================================================================
Final Results
RTL Top Level Output File Name     : divider.ngr
Top Level Output File Name         : divider
Output Format                      : NGC
Optimization Goal                  : Speed
Keep Hierarchy                     : No

Design Statistics
# IOs                              : 20

Cell Usage :
# BELS                             : 36
#      LUT3                        : 9
#      LUT4                        : 21
#      MUXF5                       : 5
#      VCC                         : 1
# IO Buffers                       : 20
#      IBUF                        : 12
#      OBUF                        : 8
=========================================================================

Device utilization summary:
---------------------------

Selected Device : 3s200ft256-4 

 Number of Slices:                       18  out of   1920     0%  
 Number of 4 input LUTs:                 30  out of   3840     0%  
 Number of IOs:                          20
 Number of bonded IOBs:                  20  out of    173    11%  

---------------------------
Partition Resource Summary:
---------------------------

  No Partitions were found in this design.

---------------------------


=========================================================================
TIMING REPORT

NOTE: THESE TIMING NUMBERS ARE ONLY A SYNTHESIS ESTIMATE.
      FOR ACCURATE TIMING INFORMATION PLEASE REFER TO THE TRACE REPORT
      GENERATED AFTER PLACE-and-ROUTE.

Clock Information:
------------------
No clock signals found in this design

Asynchronous Control Signals Information:
----------------------------------------
No asynchronous control signals found in this design

Timing Summary:
---------------
Speed Grade: -4

   Minimum period: No path found
   Minimum input arrival time before clock: No path found
   Maximum output required time after clock: No path found
   Maximum combinational path delay: 35.682ns

Timing Detail:
--------------
All values displayed in nanoseconds (ns)

=========================================================================
Timing constraint: Default path analysis
  Total number of paths / destination ports: 14508 / 8
-------------------------------------------------------------------------
Delay:               35.682ns (Levels of Logic = 19)
  Source:            numer<4> (PAD)
  Destination:       remainder<3> (PAD)

  Data Path: numer<4> to remainder<3>
                                Gate     Net
    Cell:in->out      fanout   Delay   Delay  Logical Name (Net Name)
    ----------------------------------------  ------------
     IBUF:I->O             3   0.821   1.246  numer_4_IBUF (numer_4_IBUF)
     LUT4:I0->O            3   0.551   0.975  quotient<3>2 (Msub_n1_addsub0000_Madd_cy<1>)
     LUT3:I2->O            2   0.551   0.945  quotient<3>1_SW0 (N20)
     LUT4:I2->O            5   0.551   1.260  quotient<3>1 (quotient_3_OBUF)
     LUT3:I0->O            3   0.551   1.246  n1_mux0000<0>1 (n1_mux0000<0>)
     LUT4:I0->O            2   0.551   1.216  quotient<2>2 (Msub_n1_addsub0001_Madd_cy<1>)
     LUT3:I0->O            2   0.551   1.216  quotient<2>178 (Msub_n1_addsub0001_Madd_cy<2>)
     LUT4:I0->O            1   0.551   0.000  quotient<2>1881 (quotient<2>188)
     MUXF5:I0->O           5   0.360   1.260  quotient<2>188_f5 (quotient_2_OBUF)
     LUT3:I0->O            3   0.551   1.246  n1_mux0001<0>1 (n1_mux0001<0>)
     LUT4:I0->O            2   0.551   1.216  quotient<1>2 (Msub_n1_addsub0002_Madd_cy<1>)
     LUT3:I0->O            2   0.551   1.216  quotient<1>178 (Msub_n1_addsub0002_Madd_cy<2>)
     LUT4:I0->O            5   0.551   1.260  quotient<1>188 (quotient_1_OBUF)
     LUT3:I0->O            3   0.551   1.246  n1_mux0002<0>1 (n1_mux0002<0>)
     LUT4:I0->O            2   0.551   1.216  quotient<0>2 (Msub_n1_addsub0003_Madd_cy<1>)
     LUT3:I0->O            2   0.551   1.216  quotient<0>178 (Msub_n1_addsub0003_Madd_cy<2>)
     LUT4:I0->O            5   0.551   1.260  quotient<0>188 (quotient_0_OBUF)
     LUT3:I0->O            1   0.551   0.801  n1_mux0003<0>1 (remainder_0_OBUF)
     OBUF:I->O                 5.644          remainder_0_OBUF (remainder<0>)
    ----------------------------------------
    Total                     35.682ns (15.641ns logic, 20.041ns route)
                                       (43.8% logic, 56.2% route)

=========================================================================


Total REAL time to Xst completion: 10.00 secs
Total CPU time to Xst completion: 10.71 secs
 
--> 

Total memory usage is 4480984 kilobytes

Number of errors   :    0 (   0 filtered)
Number of warnings :    0 (   0 filtered)
Number of infos    :    0 (   0 filtered)

