--------------------------------------------------------------------------------
Release 14.5 Trace  (nt64)
Copyright (c) 1995-2012 Xilinx, Inc.  All rights reserved.

C:\Xilinx\14.5\ISE_DS\ISE\bin\nt64\unwrapped\trce.exe -intstyle ise -v 3 -s 4
-n 3 -fastpaths -xml hex7seg_top.twx hex7seg_top.ncd -o hex7seg_top.twr
hex7seg_top.pcf -ucf hex7seg_top.ucf

Design file:              hex7seg_top.ncd
Physical constraint file: hex7seg_top.pcf
Device,package,speed:     xc3s200,ft256,-4 (PRODUCTION 1.39 2013-03-26)
Report level:             verbose report

Environment Variable      Effect 
--------------------      ------ 
NONE                      No environment variables were set
--------------------------------------------------------------------------------

INFO:Timing:2698 - No timing constraints found, doing default enumeration.
INFO:Timing:3412 - To improve timing, see the Timing Closure User Guide (UG612).
INFO:Timing:2752 - To get complete path coverage, use the unconstrained paths 
   option. All paths that are not constrained will be reported in the 
   unconstrained paths section(s) of the report.
INFO:Timing:3339 - The clock-to-out numbers in this timing report are based on 
   a 50 Ohm transmission line loading model.  For the details of this model, 
   and for more information on accounting for different loading conditions, 
   please see the device datasheet.
INFO:Timing:3390 - This architecture does not support a default System Jitter 
   value, please add SYSTEM_JITTER constraint to the UCF to modify the Clock 
   Uncertainty calculation.
INFO:Timing:3389 - This architecture does not support 'Discrete Jitter' and 
   'Phase Error' calculations, these terms will be zero in the Clock 
   Uncertainty calculation.  Please make appropriate modification to 
   SYSTEM_JITTER to account for the unsupported Discrete Jitter and Phase 
   Error.



Data Sheet report:
-----------------
All values displayed in nanoseconds (ns)

Pad to Pad
---------------+---------------+---------+
Source Pad     |Destination Pad|  Delay  |
---------------+---------------+---------+
sw<0>          |a_to_g<0>      |   10.068|
sw<0>          |a_to_g<1>      |    8.600|
sw<0>          |a_to_g<2>      |   11.190|
sw<0>          |a_to_g<3>      |   11.201|
sw<0>          |a_to_g<4>      |   10.598|
sw<0>          |a_to_g<5>      |    8.103|
sw<0>          |a_to_g<6>      |    9.396|
sw<1>          |a_to_g<0>      |    9.575|
sw<1>          |a_to_g<1>      |    8.221|
sw<1>          |a_to_g<2>      |   10.305|
sw<1>          |a_to_g<3>      |   10.225|
sw<1>          |a_to_g<4>      |    9.737|
sw<1>          |a_to_g<5>      |    7.815|
sw<1>          |a_to_g<6>      |    8.988|
sw<2>          |a_to_g<0>      |    9.086|
sw<2>          |a_to_g<1>      |    8.539|
sw<2>          |a_to_g<2>      |    9.850|
sw<2>          |a_to_g<3>      |    9.855|
sw<2>          |a_to_g<4>      |    9.595|
sw<2>          |a_to_g<5>      |    8.057|
sw<2>          |a_to_g<6>      |    8.429|
sw<3>          |a_to_g<0>      |    9.237|
sw<3>          |a_to_g<1>      |    8.531|
sw<3>          |a_to_g<2>      |   10.043|
sw<3>          |a_to_g<3>      |    9.978|
sw<3>          |a_to_g<4>      |    9.915|
sw<3>          |a_to_g<5>      |    8.119|
sw<3>          |a_to_g<6>      |    8.656|
---------------+---------------+---------+


Analysis completed Fri May 13 09:36:40 2022 
--------------------------------------------------------------------------------

Trace Settings:
-------------------------
Trace Settings 

Peak Memory Usage: 4473 MB



