--------------------------------------------------------------------------------
Release 14.5 Trace  (nt64)
Copyright (c) 1995-2012 Xilinx, Inc.  All rights reserved.

C:\Xilinx\14.5\ISE_DS\ISE\bin\nt64\unwrapped\trce.exe -intstyle ise -v 3 -s 4
-n 3 -fastpaths -xml decoder_3to8.twx decoder_3to8.ncd -o decoder_3to8.twr
decoder_3to8.pcf -ucf decoder3to8.ucf

Design file:              decoder_3to8.ncd
Physical constraint file: decoder_3to8.pcf
Device,package,speed:     xc3s200,ft256,-4 (PRODUCTION 1.39 2013-03-26)
Report level:             verbose report

Environment Variable      Effect 
--------------------      ------ 
NONE                      No environment variables were set
--------------------------------------------------------------------------------

INFO:Timing:2698 - No timing constraints found, doing default enumeration.
INFO:Timing:3412 - To improve timing, see the Timing Closure User Guide (UG612).
INFO:Timing:2752 - To get complete path coverage, use the unconstrained paths 
   option. All paths that are not constrained will be reported in the 
   unconstrained paths section(s) of the report.
INFO:Timing:3339 - The clock-to-out numbers in this timing report are based on 
   a 50 Ohm transmission line loading model.  For the details of this model, 
   and for more information on accounting for different loading conditions, 
   please see the device datasheet.
INFO:Timing:3390 - This architecture does not support a default System Jitter 
   value, please add SYSTEM_JITTER constraint to the UCF to modify the Clock 
   Uncertainty calculation.
INFO:Timing:3389 - This architecture does not support 'Discrete Jitter' and 
   'Phase Error' calculations, these terms will be zero in the Clock 
   Uncertainty calculation.  Please make appropriate modification to 
   SYSTEM_JITTER to account for the unsupported Discrete Jitter and Phase 
   Error.



Data Sheet report:
-----------------
All values displayed in nanoseconds (ns)

Pad to Pad
---------------+---------------+---------+
Source Pad     |Destination Pad|  Delay  |
---------------+---------------+---------+
a<0>           |y<0>           |    8.949|
a<0>           |y<1>           |    9.241|
a<0>           |y<2>           |    8.738|
a<0>           |y<3>           |    8.661|
a<0>           |y<4>           |    9.237|
a<0>           |y<5>           |    9.814|
a<0>           |y<6>           |    9.739|
a<0>           |y<7>           |   10.386|
a<1>           |y<0>           |    8.543|
a<1>           |y<1>           |    9.063|
a<1>           |y<2>           |    8.680|
a<1>           |y<3>           |    8.493|
a<1>           |y<4>           |    9.154|
a<1>           |y<5>           |    9.553|
a<1>           |y<6>           |    9.248|
a<1>           |y<7>           |   10.246|
a<2>           |y<0>           |    8.604|
a<2>           |y<1>           |    8.781|
a<2>           |y<2>           |    8.320|
a<2>           |y<3>           |    8.581|
a<2>           |y<4>           |    9.248|
a<2>           |y<5>           |    9.885|
a<2>           |y<6>           |    9.303|
a<2>           |y<7>           |   10.656|
---------------+---------------+---------+


Analysis completed Fri Apr 22 09:08:18 2022 
--------------------------------------------------------------------------------

Trace Settings:
-------------------------
Trace Settings 

Peak Memory Usage: 4473 MB



